\BOOKMARK [0][-]{chapter*.1}{\376\377\000A\000b\000s\000t\000r\000a\000c\000t}{}% 1
\BOOKMARK [0][-]{chapter*.2}{\376\377\000A\000c\000k\000n\000o\000w\000l\000e\000d\000g\000m\000e\000n\000t\000s}{}% 2
\BOOKMARK [0][-]{chapter*.2}{\376\377\000C\000o\000n\000t\000e\000n\000t\000s}{}% 3
\BOOKMARK [0][-]{chapter*.2}{\376\377\000L\000i\000s\000t\000\040\000o\000f\000\040\000T\000a\000b\000l\000e\000s}{}% 4
\BOOKMARK [0][-]{chapter*.2}{\376\377\000L\000i\000s\000t\000\040\000o\000f\000\040\000F\000i\000g\000u\000r\000e\000s}{}% 5
\BOOKMARK [0][-]{chapter.1}{\376\377\000I\000n\000t\000r\000o\000d\000u\000c\000t\000i\000o\000n}{}% 6
\BOOKMARK [1][-]{section.1.1}{\376\377\000M\000o\000t\000i\000v\000a\000t\000i\000o\000n\000\040\000a\000n\000d\000\040\000P\000r\000o\000b\000l\000e\000m\000\040\000S\000t\000a\000t\000e\000m\000e\000n\000t}{chapter.1}% 7
\BOOKMARK [1][-]{section.1.2}{\376\377\000R\000e\000s\000e\000a\000r\000c\000h\000\040\000O\000b\000j\000e\000c\000t\000i\000v\000e\000s\000\040\000a\000n\000d\000\040\000G\000o\000a\000l\000s}{chapter.1}% 8
\BOOKMARK [1][-]{section.1.3}{\376\377\000K\000e\000y\000\040\000C\000o\000n\000t\000r\000i\000b\000u\000t\000i\000o\000n\000s}{chapter.1}% 9
\BOOKMARK [1][-]{section.1.4}{\376\377\000R\000e\000p\000o\000r\000t\000\040\000S\000t\000r\000u\000c\000t\000u\000r\000e}{chapter.1}% 10
\BOOKMARK [0][-]{chapter.2}{\376\377\000L\000i\000t\000e\000r\000a\000t\000u\000r\000e\000\040\000R\000e\000v\000i\000e\000w}{}% 11
\BOOKMARK [1][-]{section.2.1}{\376\377\000S\000o\000f\000t\000w\000a\000r\000e\000\040\000C\000o\000m\000p\000l\000e\000x\000i\000t\000y\000\040\000M\000e\000t\000r\000i\000c\000s\000\040\000a\000n\000d\000\040\000C\000o\000d\000e\000\040\000Q\000u\000a\000l\000i\000t\000y\000\040\000M\000e\000a\000s\000u\000r\000e\000m\000e\000n\000t\000s}{chapter.2}% 12
\BOOKMARK [2][-]{subsection.2.1.1}{\376\377\000C\000y\000c\000l\000o\000m\000a\000t\000i\000c\000\040\000C\000o\000m\000p\000l\000e\000x\000i\000t\000y\000\040\000a\000s\000\040\000F\000o\000u\000n\000d\000a\000t\000i\000o\000n}{section.2.1}% 13
\BOOKMARK [2][-]{subsection.2.1.2}{\376\377\000M\000o\000d\000e\000r\000n\000\040\000C\000o\000m\000p\000l\000e\000x\000i\000t\000y\000\040\000i\000n\000\040\000D\000i\000s\000t\000r\000i\000b\000u\000t\000e\000d\000\040\000S\000y\000s\000t\000e\000m\000s}{section.2.1}% 14
\BOOKMARK [1][-]{section.2.2}{\376\377\000C\000o\000d\000e\000\040\000S\000e\000a\000r\000c\000h\000\040\000a\000n\000d\000\040\000N\000a\000t\000u\000r\000a\000l\000\040\000L\000a\000n\000g\000u\000a\000g\000e\000\040\000Q\000u\000e\000r\000y\000\040\000P\000r\000o\000c\000e\000s\000s\000i\000n\000g}{chapter.2}% 15
\BOOKMARK [2][-]{subsection.2.2.1}{\376\377\000S\000e\000m\000a\000n\000t\000i\000c\000\040\000C\000o\000d\000e\000\040\000S\000e\000a\000r\000c\000h\000\040\000T\000h\000r\000o\000u\000g\000h\000\040\000E\000m\000b\000e\000d\000d\000i\000n\000g\000s}{section.2.2}% 16
\BOOKMARK [2][-]{subsection.2.2.2}{\376\377\000S\000t\000r\000u\000c\000t\000u\000r\000a\000l\000\040\000C\000o\000d\000e\000\040\000S\000e\000a\000r\000c\000h\000\040\000w\000i\000t\000h\000\040\000D\000o\000m\000a\000i\000n\000-\000S\000p\000e\000c\000i\000f\000i\000c\000\040\000L\000a\000n\000g\000u\000a\000g\000e\000s}{section.2.2}% 17
\BOOKMARK [2][-]{subsection.2.2.3}{\376\377\000C\000o\000d\000e\000\040\000E\000m\000b\000e\000d\000d\000i\000n\000g\000\040\000M\000o\000d\000e\000l\000s\000\040\000f\000o\000r\000\040\000R\000e\000t\000r\000i\000e\000v\000a\000l}{section.2.2}% 18
\BOOKMARK [1][-]{section.2.3}{\376\377\000A\000I\000\040\000H\000a\000l\000l\000u\000c\000i\000n\000a\000t\000i\000o\000n\000\040\000a\000n\000d\000\040\000G\000r\000o\000u\000n\000d\000e\000d\000\040\000C\000o\000d\000e\000\040\000C\000o\000m\000p\000r\000e\000h\000e\000n\000s\000i\000o\000n}{chapter.2}% 19
\BOOKMARK [2][-]{subsection.2.3.1}{\376\377\000T\000h\000e\000\040\000H\000a\000l\000l\000u\000c\000i\000n\000a\000t\000i\000o\000n\000\040\000P\000r\000o\000b\000l\000e\000m\000\040\000i\000n\000\040\000C\000o\000d\000e\000-\000G\000e\000n\000e\000r\000a\000t\000i\000n\000g\000\040\000L\000L\000M\000s}{section.2.3}% 20
\BOOKMARK [2][-]{subsection.2.3.2}{\376\377\000C\000i\000t\000a\000t\000i\000o\000n\000-\000G\000r\000o\000u\000n\000d\000e\000d\000\040\000C\000o\000d\000e\000\040\000C\000o\000m\000p\000r\000e\000h\000e\000n\000s\000i\000o\000n}{section.2.3}% 21
\BOOKMARK [2][-]{subsection.2.3.3}{\376\377\000R\000e\000t\000r\000i\000e\000v\000a\000l\000-\000A\000u\000g\000m\000e\000n\000t\000e\000d\000\040\000G\000e\000n\000e\000r\000a\000t\000i\000o\000n}{section.2.3}% 22
\BOOKMARK [1][-]{section.2.4}{\376\377\000C\000o\000d\000e\000\040\000V\000i\000s\000u\000a\000l\000i\000s\000a\000t\000i\000o\000n\000\040\000a\000n\000d\000\040\000D\000e\000p\000e\000n\000d\000e\000n\000c\000y\000\040\000A\000n\000a\000l\000y\000s\000i\000s}{chapter.2}% 23
\BOOKMARK [2][-]{subsection.2.4.1}{\376\377\000S\000t\000a\000t\000i\000c\000\040\000A\000n\000a\000l\000y\000s\000i\000s\000\040\000a\000n\000d\000\040\000D\000e\000p\000e\000n\000d\000e\000n\000c\000y\000\040\000G\000r\000a\000p\000h\000s}{section.2.4}% 24
\BOOKMARK [2][-]{subsection.2.4.2}{\376\377\000I\000n\000t\000e\000r\000a\000c\000t\000i\000v\000e\000\040\000V\000i\000s\000u\000a\000l\000i\000s\000a\000t\000i\000o\000n\000\040\000T\000o\000o\000l\000s}{section.2.4}% 25
\BOOKMARK [1][-]{section.2.5}{\376\377\000G\000e\000n\000e\000r\000a\000t\000i\000v\000e\000\040\000U\000s\000e\000r\000\040\000I\000n\000t\000e\000r\000f\000a\000c\000e\000\040\000\050\000U\000I\000\051}{chapter.2}% 26
\BOOKMARK [2][-]{subsection.2.5.1}{\376\377\000G\000e\000n\000e\000r\000a\000t\000i\000v\000e\000\040\000U\000I\000\040\000a\000s\000\040\000a\000\040\000P\000a\000r\000a\000d\000i\000g\000m}{section.2.5}% 27
\BOOKMARK [2][-]{subsection.2.5.2}{\376\377\000T\000a\000s\000k\000-\000D\000r\000i\000v\000e\000n\000\040\000D\000a\000t\000a\000\040\000M\000o\000d\000e\000l\000s\000\040\000f\000o\000r\000\040\000A\000d\000a\000p\000t\000i\000v\000e\000\040\000I\000n\000t\000e\000r\000f\000a\000c\000e\000s}{section.2.5}% 28
\BOOKMARK [1][-]{section.2.6}{\376\377\000R\000e\000l\000a\000t\000e\000d\000\040\000S\000y\000s\000t\000e\000m\000s\000\040\000a\000n\000d\000\040\000T\000o\000o\000l\000s}{chapter.2}% 29
\BOOKMARK [1][-]{section.2.7}{\376\377\000R\000e\000s\000e\000a\000r\000c\000h\000\040\000G\000a\000p\000s\000\040\000a\000n\000d\000\040\000M\000o\000t\000i\000v\000a\000t\000i\000o\000n}{chapter.2}% 30
\BOOKMARK [2][-]{subsection.2.7.1}{\376\377\000B\000r\000i\000d\000g\000i\000n\000g\000\040\000S\000e\000m\000a\000n\000t\000i\000c\000\040\000a\000n\000d\000\040\000S\000t\000r\000u\000c\000t\000u\000r\000a\000l\000\040\000C\000o\000d\000e\000\040\000S\000e\000a\000r\000c\000h}{section.2.7}% 31
\BOOKMARK [2][-]{subsection.2.7.2}{\376\377\000T\000h\000e\000\040\000"\000B\000l\000a\000c\000k\000\040\000B\000o\000x\000"\000\040\000o\000f\000\040\000G\000e\000n\000e\000r\000a\000t\000i\000v\000e\000\040\000U\000I\000\040\000i\000n\000\040\000S\000o\000f\000t\000w\000a\000r\000e\000\040\000E\000n\000g\000i\000n\000e\000e\000r\000i\000n\000g}{section.2.7}% 32
\BOOKMARK [1][-]{section.2.8}{\376\377\000C\000o\000n\000c\000l\000u\000s\000i\000o\000n}{chapter.2}% 33
\BOOKMARK [0][-]{chapter.3}{\376\377\000S\000y\000s\000t\000e\000m\000\040\000D\000e\000s\000i\000g\000n\000\040\000a\000n\000d\000\040\000A\000r\000c\000h\000i\000t\000e\000c\000t\000u\000r\000e}{}% 34
\BOOKMARK [1][-]{section.3.1}{\376\377\000S\000y\000s\000t\000e\000m\000\040\000O\000v\000e\000r\000v\000i\000e\000w}{chapter.3}% 35
\BOOKMARK [2][-]{subsection.3.1.1}{\376\377\000C\000o\000r\000e\000\040\000C\000o\000m\000p\000o\000n\000e\000n\000t\000s}{section.3.1}% 36
\BOOKMARK [2][-]{subsection.3.1.2}{\376\377\000D\000a\000t\000a\000\040\000F\000l\000o\000w\000\040\000A\000r\000c\000h\000i\000t\000e\000c\000t\000u\000r\000e}{section.3.1}% 37
\BOOKMARK [2][-]{subsection.3.1.3}{\376\377\000M\000i\000c\000r\000o\000s\000e\000r\000v\000i\000c\000e\000s\000\040\000S\000t\000r\000u\000c\000t\000u\000r\000e}{section.3.1}% 38
\BOOKMARK [1][-]{section.3.2}{\376\377\000F\000r\000o\000n\000t\000e\000n\000d\000\040\000A\000r\000c\000h\000i\000t\000e\000c\000t\000u\000r\000e}{chapter.3}% 39
\BOOKMARK [2][-]{subsection.3.2.1}{\376\377\000T\000e\000c\000h\000n\000o\000l\000o\000g\000y\000\040\000S\000t\000a\000c\000k}{section.3.2}% 40
\BOOKMARK [2][-]{subsection.3.2.2}{\376\377\000U\000s\000e\000r\000\040\000I\000n\000t\000e\000r\000f\000a\000c\000e\000\040\000D\000e\000s\000i\000g\000n}{section.3.2}% 41
\BOOKMARK [2][-]{subsection.3.2.3}{\376\377\000I\000n\000t\000e\000r\000a\000c\000t\000i\000v\000e\000\040\000G\000r\000a\000p\000h\000\040\000V\000i\000s\000u\000a\000l\000i\000z\000a\000t\000i\000o\000n\000\040\000w\000i\000t\000h\000\040\000R\000e\000a\000c\000t\000\040\000F\000l\000o\000w}{section.3.2}% 42
\BOOKMARK [2][-]{subsection.3.2.4}{\376\377\000G\000e\000n\000e\000r\000a\000t\000i\000v\000e\000\040\000U\000I\000\040\000C\000a\000r\000d\000\040\000C\000o\000m\000p\000o\000n\000e\000n\000t\000s}{section.3.2}% 43
\BOOKMARK [1][-]{section.3.3}{\376\377\000B\000a\000c\000k\000e\000n\000d\000\040\000A\000r\000c\000h\000i\000t\000e\000c\000t\000u\000r\000e}{chapter.3}% 44
\BOOKMARK [2][-]{subsection.3.3.1}{\376\377\000A\000P\000I\000\040\000D\000e\000s\000i\000g\000n}{section.3.3}% 45
\BOOKMARK [2][-]{subsection.3.3.2}{\376\377\000C\000o\000d\000e\000\040\000S\000e\000a\000r\000c\000h\000\040\000E\000n\000g\000i\000n\000e}{section.3.3}% 46
\BOOKMARK [2][-]{subsection.3.3.3}{\376\377\000D\000e\000p\000e\000n\000d\000e\000n\000c\000y\000\040\000G\000r\000a\000p\000h\000\040\000G\000e\000n\000e\000r\000a\000t\000i\000o\000n}{section.3.3}% 47
\BOOKMARK [2][-]{subsection.3.3.4}{\376\377\000L\000L\000M\000\040\000I\000n\000t\000e\000g\000r\000a\000t\000i\000o\000n\000\040\000a\000n\000d\000\040\000R\000A\000G\000\040\000P\000i\000p\000e\000l\000i\000n\000e}{section.3.3}% 48
\BOOKMARK [1][-]{section.3.4}{\376\377\000D\000a\000t\000a\000\040\000P\000i\000p\000e\000l\000i\000n\000e}{chapter.3}% 49
\BOOKMARK [2][-]{subsection.3.4.1}{\376\377\000R\000e\000p\000o\000s\000i\000t\000o\000r\000y\000\040\000I\000n\000g\000e\000s\000t\000i\000o\000n}{section.3.4}% 50
\BOOKMARK [2][-]{subsection.3.4.2}{\376\377\000C\000o\000d\000e\000\040\000P\000a\000r\000s\000i\000n\000g\000\040\000a\000n\000d\000\040\000A\000S\000T\000\040\000A\000n\000a\000l\000y\000s\000i\000s}{section.3.4}% 51
\BOOKMARK [2][-]{subsection.3.4.3}{\376\377\000E\000m\000b\000e\000d\000d\000i\000n\000g\000\040\000G\000e\000n\000e\000r\000a\000t\000i\000o\000n}{section.3.4}% 52
\BOOKMARK [2][-]{subsection.3.4.4}{\376\377\000D\000e\000p\000e\000n\000d\000e\000n\000c\000y\000\040\000G\000r\000a\000p\000h\000\040\000C\000o\000n\000s\000t\000r\000u\000c\000t\000i\000o\000n}{section.3.4}% 53
\BOOKMARK [2][-]{subsection.3.4.5}{\376\377\000I\000n\000d\000e\000x\000i\000n\000g\000\040\000a\000n\000d\000\040\000S\000t\000o\000r\000a\000g\000e}{section.3.4}% 54
\BOOKMARK [1][-]{section.3.5}{\376\377\000N\000a\000t\000u\000r\000a\000l\000\040\000L\000a\000n\000g\000u\000a\000g\000e\000\040\000P\000r\000o\000c\000e\000s\000s\000i\000n\000g\000\040\000P\000i\000p\000e\000l\000i\000n\000e}{chapter.3}% 55
\BOOKMARK [2][-]{subsection.3.5.1}{\376\377\000Q\000u\000e\000r\000y\000\040\000U\000n\000d\000e\000r\000s\000t\000a\000n\000d\000i\000n\000g}{section.3.5}% 56
\BOOKMARK [2][-]{subsection.3.5.2}{\376\377\000S\000e\000m\000a\000n\000t\000i\000c\000\040\000S\000e\000a\000r\000c\000h\000\040\000u\000s\000i\000n\000g\000\040\000E\000m\000b\000e\000d\000d\000i\000n\000g\000s}{section.3.5}% 57
\BOOKMARK [2][-]{subsection.3.5.3}{\376\377\000S\000t\000r\000u\000c\000t\000u\000r\000a\000l\000\040\000S\000e\000a\000r\000c\000h\000\040\000u\000s\000i\000n\000g\000\040\000D\000S\000L\000\040\000T\000r\000a\000n\000s\000l\000a\000t\000i\000o\000n}{section.3.5}% 58
\BOOKMARK [2][-]{subsection.3.5.4}{\376\377\000H\000y\000b\000r\000i\000d\000\040\000R\000e\000t\000r\000i\000e\000v\000a\000l\000\040\000S\000t\000r\000a\000t\000e\000g\000y}{section.3.5}% 59
\BOOKMARK [1][-]{section.3.6}{\376\377\000C\000i\000t\000a\000t\000i\000o\000n\000-\000G\000r\000o\000u\000n\000d\000e\000d\000\040\000G\000e\000n\000e\000r\000a\000t\000i\000o\000n}{chapter.3}% 60
\BOOKMARK [2][-]{subsection.3.6.1}{\376\377\000R\000A\000G\000\040\000A\000r\000c\000h\000i\000t\000e\000c\000t\000u\000r\000e}{section.3.6}% 61
\BOOKMARK [2][-]{subsection.3.6.2}{\376\377\000S\000o\000u\000r\000c\000e\000\040\000C\000o\000d\000e\000\040\000G\000r\000o\000u\000n\000d\000i\000n\000g}{section.3.6}% 62
\BOOKMARK [2][-]{subsection.3.6.3}{\376\377\000C\000i\000t\000a\000t\000i\000o\000n\000\040\000M\000e\000c\000h\000a\000n\000i\000s\000m}{section.3.6}% 63
\BOOKMARK [1][-]{section.3.7}{\376\377\000T\000e\000c\000h\000n\000i\000c\000a\000l\000\040\000S\000t\000a\000c\000k\000\040\000J\000u\000s\000t\000i\000f\000i\000c\000a\000t\000i\000o\000n}{chapter.3}% 64
\BOOKMARK [2][-]{subsection.3.7.1}{\376\377\000F\000r\000o\000n\000t\000e\000n\000d\000:\000\040\000N\000e\000x\000t\000.\000j\000s}{section.3.7}% 65
\BOOKMARK [2][-]{subsection.3.7.2}{\376\377\000B\000a\000c\000k\000e\000n\000d\000:\000\040\000N\000e\000x\000t\000.\000j\000s\000\040\000A\000P\000I\000\040\000R\000o\000u\000t\000e\000s}{section.3.7}% 66
\BOOKMARK [2][-]{subsection.3.7.3}{\376\377\000L\000L\000M\000\040\000I\000n\000t\000e\000g\000r\000a\000t\000i\000o\000n\000:\000\040\000V\000e\000r\000c\000e\000l\000\040\000A\000I\000\040\000S\000D\000K\000\040\000a\000n\000d\000\040\000O\000p\000e\000n\000A\000I}{section.3.7}% 67
\BOOKMARK [2][-]{subsection.3.7.4}{\376\377\000C\000o\000d\000e\000\040\000S\000e\000a\000r\000c\000h\000:\000\040\000G\000i\000t\000H\000u\000b\000\040\000S\000e\000a\000r\000c\000h\000\040\000A\000P\000I}{section.3.7}% 68
\BOOKMARK [2][-]{subsection.3.7.5}{\376\377\000G\000r\000a\000p\000h\000\040\000V\000i\000s\000u\000a\000l\000i\000z\000a\000t\000i\000o\000n\000:\000\040\000R\000e\000a\000c\000t\000\040\000F\000l\000o\000w}{section.3.7}% 69
\BOOKMARK [2][-]{subsection.3.7.6}{\376\377\000D\000a\000t\000a\000b\000a\000s\000e\000:\000\040\000P\000o\000s\000t\000g\000r\000e\000S\000Q\000L}{section.3.7}% 70
\BOOKMARK [2][-]{subsection.3.7.7}{\376\377\000C\000a\000c\000h\000i\000n\000g\000:\000\040\000U\000p\000s\000t\000a\000s\000h\000\040\000R\000e\000d\000i\000s}{section.3.7}% 71
\BOOKMARK [2][-]{subsection.3.7.8}{\376\377\000D\000e\000p\000l\000o\000y\000m\000e\000n\000t\000:\000\040\000V\000e\000r\000c\000e\000l}{section.3.7}% 72
\BOOKMARK [0][-]{chapter.4}{\376\377\000I\000m\000p\000l\000e\000m\000e\000n\000t\000a\000t\000i\000o\000n\000\040\000D\000e\000t\000a\000i\000l\000s}{}% 73
\BOOKMARK [1][-]{section.4.1}{\376\377\000D\000e\000v\000e\000l\000o\000p\000m\000e\000n\000t\000\040\000M\000e\000t\000h\000o\000d\000o\000l\000o\000g\000y}{chapter.4}% 74
\BOOKMARK [2][-]{subsection.4.1.1}{\376\377\000I\000t\000e\000r\000a\000t\000i\000v\000e\000\040\000D\000e\000v\000e\000l\000o\000p\000m\000e\000n\000t\000\040\000P\000r\000o\000c\000e\000s\000s}{section.4.1}% 75
\BOOKMARK [2][-]{subsection.4.1.2}{\376\377\000V\000e\000r\000s\000i\000o\000n\000\040\000C\000o\000n\000t\000r\000o\000l\000\040\000a\000n\000d\000\040\000B\000r\000a\000n\000c\000h\000i\000n\000g\000\040\000S\000t\000r\000a\000t\000e\000g\000y}{section.4.1}% 76
\BOOKMARK [1][-]{section.4.2}{\376\377\000C\000o\000r\000e\000\040\000I\000m\000p\000l\000e\000m\000e\000n\000t\000a\000t\000i\000o\000n\000\040\000C\000o\000m\000p\000o\000n\000e\000n\000t\000s}{chapter.4}% 77
\BOOKMARK [2][-]{subsection.4.2.1}{\376\377\000S\000e\000a\000r\000c\000h\000\040\000M\000o\000d\000u\000l\000e}{section.4.2}% 78
\BOOKMARK [2][-]{subsection.4.2.2}{\376\377\000C\000o\000d\000e\000\040\000G\000r\000a\000p\000h\000\040\000A\000n\000a\000l\000y\000s\000i\000s}{section.4.2}% 79
\BOOKMARK [2][-]{subsection.4.2.3}{\376\377\000G\000e\000n\000e\000r\000a\000t\000i\000v\000e\000\040\000U\000I\000\040\000S\000y\000s\000t\000e\000m}{section.4.2}% 80
\BOOKMARK [2][-]{subsection.4.2.4}{\376\377\000R\000A\000G\000\040\000P\000i\000p\000e\000l\000i\000n\000e}{section.4.2}% 81
\BOOKMARK [1][-]{section.4.3}{\376\377\000A\000P\000I\000\040\000E\000n\000d\000p\000o\000i\000n\000t\000s\000\040\000a\000n\000d\000\040\000D\000a\000t\000a\000\040\000M\000o\000d\000e\000l\000s}{chapter.4}% 82
\BOOKMARK [1][-]{section.4.4}{\376\377\000D\000a\000t\000a\000b\000a\000s\000e\000\040\000S\000c\000h\000e\000m\000a}{chapter.4}% 83
\BOOKMARK [1][-]{section.4.5}{\376\377\000C\000o\000d\000e\000\040\000E\000x\000a\000m\000p\000l\000e\000s\000\040\000a\000n\000d\000\040\000K\000e\000y\000\040\000A\000l\000g\000o\000r\000i\000t\000h\000m\000s}{chapter.4}% 84
\BOOKMARK [2][-]{subsection.4.5.1}{\376\377\000C\000y\000c\000l\000o\000m\000a\000t\000i\000c\000\040\000C\000o\000m\000p\000l\000e\000x\000i\000t\000y\000\040\000C\000a\000l\000c\000u\000l\000a\000t\000i\000o\000n}{section.4.5}% 85
\BOOKMARK [2][-]{subsection.4.5.2}{\376\377\000D\000e\000p\000e\000n\000d\000e\000n\000c\000y\000\040\000G\000r\000a\000p\000h\000\040\000C\000o\000n\000s\000t\000r\000u\000c\000t\000i\000o\000n}{section.4.5}% 86
\BOOKMARK [2][-]{subsection.4.5.3}{\376\377\000E\000m\000b\000e\000d\000d\000i\000n\000g\000-\000B\000a\000s\000e\000d\000\040\000S\000i\000m\000i\000l\000a\000r\000i\000t\000y\000\040\000S\000e\000a\000r\000c\000h}{section.4.5}% 87
\BOOKMARK [2][-]{subsection.4.5.4}{\376\377\000R\000A\000G\000\040\000C\000i\000t\000a\000t\000i\000o\000n\000\040\000G\000r\000o\000u\000n\000d\000i\000n\000g}{section.4.5}% 88
\BOOKMARK [1][-]{section.4.6}{\376\377\000C\000h\000a\000l\000l\000e\000n\000g\000e\000s\000\040\000a\000n\000d\000\040\000S\000o\000l\000u\000t\000i\000o\000n\000s}{chapter.4}% 89
\BOOKMARK [2][-]{subsection.4.6.1}{\376\377\000H\000a\000n\000d\000l\000i\000n\000g\000\040\000L\000a\000r\000g\000e\000\040\000C\000o\000d\000e\000b\000a\000s\000e\000s}{section.4.6}% 90
\BOOKMARK [2][-]{subsection.4.6.2}{\376\377\000R\000e\000a\000l\000-\000T\000i\000m\000e\000\040\000G\000r\000a\000p\000h\000\040\000U\000p\000d\000a\000t\000e\000s}{section.4.6}% 91
\BOOKMARK [2][-]{subsection.4.6.3}{\376\377\000L\000a\000t\000e\000n\000c\000y\000\040\000O\000p\000t\000i\000m\000i\000z\000a\000t\000i\000o\000n}{section.4.6}% 92
\BOOKMARK [2][-]{subsection.4.6.4}{\376\377\000H\000a\000l\000l\000u\000c\000i\000n\000a\000t\000i\000o\000n\000\040\000P\000r\000e\000v\000e\000n\000t\000i\000o\000n}{section.4.6}% 93
\BOOKMARK [2][-]{subsection.4.6.5}{\376\377\000L\000a\000n\000g\000u\000a\000g\000e\000\040\000a\000n\000d\000\040\000F\000r\000a\000m\000e\000w\000o\000r\000k\000\040\000D\000i\000v\000e\000r\000s\000i\000t\000y}{section.4.6}% 94
\BOOKMARK [0][-]{chapter.5}{\376\377\000E\000v\000a\000l\000u\000a\000t\000i\000o\000n\000\040\000M\000e\000t\000h\000o\000d\000o\000l\000o\000g\000y}{}% 95
\BOOKMARK [1][-]{section.5.1}{\376\377\000E\000v\000a\000l\000u\000a\000t\000i\000o\000n\000\040\000F\000r\000a\000m\000e\000w\000o\000r\000k}{chapter.5}% 96
\BOOKMARK [2][-]{subsection.5.1.1}{\376\377\000R\000e\000s\000e\000a\000r\000c\000h\000\040\000Q\000u\000e\000s\000t\000i\000o\000n\000s}{section.5.1}% 97
\BOOKMARK [2][-]{subsection.5.1.2}{\376\377\000H\000y\000p\000o\000t\000h\000e\000s\000e\000s}{section.5.1}% 98
\BOOKMARK [2][-]{subsection.5.1.3}{\376\377\000E\000v\000a\000l\000u\000a\000t\000i\000o\000n\000\040\000M\000e\000t\000r\000i\000c\000s}{section.5.1}% 99
\BOOKMARK [1][-]{section.5.2}{\376\377\000U\000s\000e\000r\000\040\000S\000t\000u\000d\000y\000\040\000D\000e\000s\000i\000g\000n}{chapter.5}% 100
\BOOKMARK [2][-]{subsection.5.2.1}{\376\377\000P\000a\000r\000t\000i\000c\000i\000p\000a\000n\000t\000\040\000S\000e\000l\000e\000c\000t\000i\000o\000n}{section.5.2}% 101
\BOOKMARK [2][-]{subsection.5.2.2}{\376\377\000S\000t\000u\000d\000y\000\040\000P\000r\000o\000t\000o\000c\000o\000l}{section.5.2}% 102
\BOOKMARK [2][-]{subsection.5.2.3}{\376\377\000T\000a\000s\000k\000\040\000D\000e\000s\000i\000g\000n}{section.5.2}% 103
\BOOKMARK [2][-]{subsection.5.2.4}{\376\377\000B\000a\000s\000e\000l\000i\000n\000e\000\040\000C\000o\000m\000p\000a\000r\000i\000s\000o\000n\000s}{section.5.2}% 104
\BOOKMARK [1][-]{section.5.3}{\376\377\000Q\000u\000a\000n\000t\000i\000t\000a\000t\000i\000v\000e\000\040\000M\000e\000t\000r\000i\000c\000s}{chapter.5}% 105
\BOOKMARK [2][-]{subsection.5.3.1}{\376\377\000T\000i\000m\000e\000-\000t\000o\000-\000F\000i\000r\000s\000t\000-\000C\000o\000m\000m\000i\000t}{section.5.3}% 106
\BOOKMARK [2][-]{subsection.5.3.2}{\376\377\000T\000i\000m\000e\000\040\000t\000o\000\040\000C\000o\000m\000p\000l\000e\000t\000e\000\040\000O\000n\000b\000o\000a\000r\000d\000i\000n\000g\000\040\000T\000a\000s\000k\000s}{section.5.3}% 107
\BOOKMARK [2][-]{subsection.5.3.3}{\376\377\000C\000o\000d\000e\000\040\000S\000e\000a\000r\000c\000h\000\040\000P\000r\000e\000c\000i\000s\000i\000o\000n\000\040\000a\000n\000d\000\040\000R\000e\000c\000a\000l\000l}{section.5.3}% 108
\BOOKMARK [2][-]{subsection.5.3.4}{\376\377\000G\000r\000a\000p\000h\000\040\000V\000i\000s\000u\000a\000l\000i\000z\000a\000t\000i\000o\000n\000\040\000Q\000u\000a\000l\000i\000t\000y}{section.5.3}% 109
\BOOKMARK [2][-]{subsection.5.3.5}{\376\377\000C\000i\000t\000a\000t\000i\000o\000n\000\040\000A\000c\000c\000u\000r\000a\000c\000y\000\040\000a\000n\000d\000\040\000H\000a\000l\000l\000u\000c\000i\000n\000a\000t\000i\000o\000n\000\040\000R\000a\000t\000e}{section.5.3}% 110
\BOOKMARK [1][-]{section.5.4}{\376\377\000Q\000u\000a\000l\000i\000t\000a\000t\000i\000v\000e\000\040\000M\000e\000t\000r\000i\000c\000s}{chapter.5}% 111
\BOOKMARK [2][-]{subsection.5.4.1}{\376\377\000U\000s\000e\000r\000\040\000S\000a\000t\000i\000s\000f\000a\000c\000t\000i\000o\000n\000\040\000S\000u\000r\000v\000e\000y}{section.5.4}% 112
\BOOKMARK [2][-]{subsection.5.4.2}{\376\377\000U\000s\000a\000b\000i\000l\000i\000t\000y\000\040\000A\000s\000s\000e\000s\000s\000m\000e\000n\000t}{section.5.4}% 113
\BOOKMARK [2][-]{subsection.5.4.3}{\376\377\000C\000o\000g\000n\000i\000t\000i\000v\000e\000\040\000L\000o\000a\000d\000\040\000M\000e\000a\000s\000u\000r\000e\000m\000e\000n\000t}{section.5.4}% 114
\BOOKMARK [2][-]{subsection.5.4.4}{\376\377\000U\000s\000e\000r\000\040\000F\000e\000e\000d\000b\000a\000c\000k\000\040\000a\000n\000d\000\040\000I\000n\000t\000e\000r\000v\000i\000e\000w\000s}{section.5.4}% 115
\BOOKMARK [1][-]{section.5.5}{\376\377\000B\000a\000s\000e\000l\000i\000n\000e\000\040\000C\000o\000m\000p\000a\000r\000i\000s\000o\000n\000s}{chapter.5}% 116
\BOOKMARK [2][-]{subsection.5.5.1}{\376\377\000T\000r\000a\000d\000i\000t\000i\000o\000n\000a\000l\000\040\000C\000o\000d\000e\000\040\000S\000e\000a\000r\000c\000h\000\040\000\050\000G\000i\000t\000H\000u\000b\000\040\000S\000e\000a\000r\000c\000h\000\051}{section.5.5}% 117
\BOOKMARK [2][-]{subsection.5.5.2}{\376\377\000E\000x\000i\000s\000t\000i\000n\000g\000\040\000A\000I\000\040\000C\000o\000d\000e\000\040\000A\000s\000s\000i\000s\000t\000a\000n\000t\000s}{section.5.5}% 118
\BOOKMARK [2][-]{subsection.5.5.3}{\376\377\000M\000a\000n\000u\000a\000l\000\040\000C\000o\000d\000e\000\040\000N\000a\000v\000i\000g\000a\000t\000i\000o\000n}{section.5.5}% 119
\BOOKMARK [1][-]{section.5.6}{\376\377\000S\000t\000a\000t\000i\000s\000t\000i\000c\000a\000l\000\040\000A\000n\000a\000l\000y\000s\000i\000s}{chapter.5}% 120
\BOOKMARK [2][-]{subsection.5.6.1}{\376\377\000H\000y\000p\000o\000t\000h\000e\000s\000i\000s\000\040\000T\000e\000s\000t\000i\000n\000g}{section.5.6}% 121
\BOOKMARK [2][-]{subsection.5.6.2}{\376\377\000E\000f\000f\000e\000c\000t\000\040\000S\000i\000z\000e\000\040\000C\000a\000l\000c\000u\000l\000a\000t\000i\000o\000n}{section.5.6}% 122
\BOOKMARK [2][-]{subsection.5.6.3}{\376\377\000C\000o\000n\000f\000i\000d\000e\000n\000c\000e\000\040\000I\000n\000t\000e\000r\000v\000a\000l\000s}{section.5.6}% 123
\BOOKMARK [0][-]{chapter.6}{\376\377\000R\000e\000s\000u\000l\000t\000s\000\040\000a\000n\000d\000\040\000A\000n\000a\000l\000y\000s\000i\000s}{}% 124
\BOOKMARK [1][-]{section.6.1}{\376\377\000Q\000u\000a\000n\000t\000i\000t\000a\000t\000i\000v\000e\000\040\000R\000e\000s\000u\000l\000t\000s}{chapter.6}% 125
\BOOKMARK [2][-]{subsection.6.1.1}{\376\377\000T\000i\000m\000e\000-\000t\000o\000-\000F\000i\000r\000s\000t\000-\000C\000o\000m\000m\000i\000t\000\040\000A\000n\000a\000l\000y\000s\000i\000s}{section.6.1}% 126
\BOOKMARK [2][-]{subsection.6.1.2}{\376\377\000S\000e\000a\000r\000c\000h\000\040\000P\000e\000r\000f\000o\000r\000m\000a\000n\000c\000e\000\040\000E\000v\000a\000l\000u\000a\000t\000i\000o\000n}{section.6.1}% 127
\BOOKMARK [2][-]{subsection.6.1.3}{\376\377\000C\000i\000t\000a\000t\000i\000o\000n\000\040\000A\000c\000c\000u\000r\000a\000c\000y\000\040\000R\000e\000s\000u\000l\000t\000s}{section.6.1}% 128
\BOOKMARK [2][-]{subsection.6.1.4}{\376\377\000S\000y\000s\000t\000e\000m\000\040\000P\000e\000r\000f\000o\000r\000m\000a\000n\000c\000e\000\040\000M\000e\000t\000r\000i\000c\000s}{section.6.1}% 129
\BOOKMARK [1][-]{section.6.2}{\376\377\000Q\000u\000a\000l\000i\000t\000a\000t\000i\000v\000e\000\040\000R\000e\000s\000u\000l\000t\000s}{chapter.6}% 130
\BOOKMARK [2][-]{subsection.6.2.1}{\376\377\000U\000s\000e\000r\000\040\000S\000a\000t\000i\000s\000f\000a\000c\000t\000i\000o\000n\000\040\000F\000i\000n\000d\000i\000n\000g\000s}{section.6.2}% 131
\BOOKMARK [2][-]{subsection.6.2.2}{\376\377\000U\000s\000a\000b\000i\000l\000i\000t\000y\000\040\000O\000b\000s\000e\000r\000v\000a\000t\000i\000o\000n\000s}{section.6.2}% 132
\BOOKMARK [2][-]{subsection.6.2.3}{\376\377\000T\000h\000e\000m\000a\000t\000i\000c\000\040\000A\000n\000a\000l\000y\000s\000i\000s\000\040\000o\000f\000\040\000F\000e\000e\000d\000b\000a\000c\000k}{section.6.2}% 133
\BOOKMARK [1][-]{section.6.3}{\376\377\000C\000o\000m\000p\000a\000r\000a\000t\000i\000v\000e\000\040\000A\000n\000a\000l\000y\000s\000i\000s\000\040\000w\000i\000t\000h\000\040\000B\000a\000s\000e\000l\000i\000n\000e\000s}{chapter.6}% 134
\BOOKMARK [2][-]{subsection.6.3.1}{\376\377\000P\000e\000r\000f\000o\000r\000m\000a\000n\000c\000e\000\040\000v\000s\000.\000\040\000G\000i\000t\000H\000u\000b\000\040\000S\000e\000a\000r\000c\000h}{section.6.3}% 135
\BOOKMARK [2][-]{subsection.6.3.2}{\376\377\000P\000e\000r\000f\000o\000r\000m\000a\000n\000c\000e\000\040\000v\000s\000.\000\040\000A\000I\000\040\000C\000o\000d\000e\000\040\000A\000s\000s\000i\000s\000t\000a\000n\000t\000s}{section.6.3}% 136
\BOOKMARK [2][-]{subsection.6.3.3}{\376\377\000P\000e\000r\000f\000o\000r\000m\000a\000n\000c\000e\000\040\000v\000s\000.\000\040\000M\000a\000n\000u\000a\000l\000\040\000N\000a\000v\000i\000g\000a\000t\000i\000o\000n}{section.6.3}% 137
\BOOKMARK [1][-]{section.6.4}{\376\377\000C\000a\000s\000e\000\040\000S\000t\000u\000d\000i\000e\000s}{chapter.6}% 138
\BOOKMARK [2][-]{subsection.6.4.1}{\376\377\000C\000a\000s\000e\000\040\000S\000t\000u\000d\000y\000\040\0001\000:\000\040\000U\000n\000d\000e\000r\000s\000t\000a\000n\000d\000i\000n\000g\000\040\000t\000h\000e\000\040\000A\000u\000t\000h\000e\000n\000t\000i\000c\000a\000t\000i\000o\000n\000\040\000F\000l\000o\000w}{section.6.4}% 139
\BOOKMARK [2][-]{subsection.6.4.2}{\376\377\000C\000a\000s\000e\000\040\000S\000t\000u\000d\000y\000\040\0002\000:\000\040\000A\000P\000I\000\040\000E\000n\000d\000p\000o\000i\000n\000t\000\040\000D\000i\000s\000c\000o\000v\000e\000r\000y}{section.6.4}% 140
\BOOKMARK [2][-]{subsection.6.4.3}{\376\377\000C\000a\000s\000e\000\040\000S\000t\000u\000d\000y\000\040\0003\000:\000\040\000E\000r\000r\000o\000r\000\040\000H\000a\000n\000d\000l\000i\000n\000g\000\040\000P\000a\000t\000t\000e\000r\000n\000s}{section.6.4}% 141
\BOOKMARK [1][-]{section.6.5}{\376\377\000D\000a\000t\000a\000\040\000V\000i\000s\000u\000a\000l\000i\000s\000a\000t\000i\000o\000n\000\040\000a\000n\000d\000\040\000I\000n\000t\000e\000r\000p\000r\000e\000t\000a\000t\000i\000o\000n}{chapter.6}% 142
\BOOKMARK [0][-]{chapter.7}{\376\377\000D\000i\000s\000c\000u\000s\000s\000i\000o\000n}{}% 143
\BOOKMARK [1][-]{section.7.1}{\376\377\000K\000e\000y\000\040\000F\000i\000n\000d\000i\000n\000g\000s}{chapter.7}% 144
\BOOKMARK [2][-]{subsection.7.1.1}{\376\377\000E\000f\000f\000e\000c\000t\000i\000v\000e\000n\000e\000s\000s\000\040\000o\000f\000\040\000C\000i\000t\000a\000t\000i\000o\000n\000\040\000G\000r\000o\000u\000n\000d\000i\000n\000g}{section.7.1}% 145
\BOOKMARK [2][-]{subsection.7.1.2}{\376\377\000I\000m\000p\000a\000c\000t\000\040\000o\000f\000\040\000C\000o\000d\000e\000\040\000G\000r\000a\000p\000h\000\040\000V\000i\000s\000u\000a\000l\000i\000z\000a\000t\000i\000o\000n}{section.7.1}% 146
\BOOKMARK [2][-]{subsection.7.1.3}{\376\377\000G\000e\000n\000e\000r\000a\000t\000i\000v\000e\000\040\000U\000I\000\040\000E\000f\000f\000e\000c\000t\000i\000v\000e\000n\000e\000s\000s}{section.7.1}% 147
\BOOKMARK [2][-]{subsection.7.1.4}{\376\377\000H\000y\000b\000r\000i\000d\000\040\000R\000e\000t\000r\000i\000e\000v\000a\000l\000\040\000S\000t\000r\000a\000t\000e\000g\000y\000\040\000B\000e\000n\000e\000f\000i\000t\000s}{section.7.1}% 148
\BOOKMARK [1][-]{section.7.2}{\376\377\000I\000m\000p\000l\000i\000c\000a\000t\000i\000o\000n\000s\000\040\000f\000o\000r\000\040\000D\000e\000v\000e\000l\000o\000p\000e\000r\000\040\000O\000n\000b\000o\000a\000r\000d\000i\000n\000g}{chapter.7}% 149
\BOOKMARK [1][-]{section.7.3}{\376\377\000L\000i\000m\000i\000t\000a\000t\000i\000o\000n\000s}{chapter.7}% 150
\BOOKMARK [2][-]{subsection.7.3.1}{\376\377\000S\000c\000a\000l\000e\000\040\000L\000i\000m\000i\000t\000a\000t\000i\000o\000n\000s}{section.7.3}% 151
\BOOKMARK [2][-]{subsection.7.3.2}{\376\377\000L\000a\000n\000g\000u\000a\000g\000e\000\040\000a\000n\000d\000\040\000F\000r\000a\000m\000e\000w\000o\000r\000k\000\040\000C\000o\000v\000e\000r\000a\000g\000e}{section.7.3}% 152
\BOOKMARK [2][-]{subsection.7.3.3}{\376\377\000U\000s\000e\000r\000\040\000S\000t\000u\000d\000y\000\040\000S\000c\000o\000p\000e}{section.7.3}% 153
\BOOKMARK [2][-]{subsection.7.3.4}{\376\377\000C\000o\000m\000p\000u\000t\000a\000t\000i\000o\000n\000a\000l\000\040\000R\000e\000s\000o\000u\000r\000c\000e\000\040\000R\000e\000q\000u\000i\000r\000e\000m\000e\000n\000t\000s}{section.7.3}% 154
\BOOKMARK [1][-]{section.7.4}{\376\377\000C\000o\000m\000p\000a\000r\000i\000s\000o\000n\000\040\000w\000i\000t\000h\000\040\000R\000e\000l\000a\000t\000e\000d\000\040\000W\000o\000r\000k}{chapter.7}% 155
\BOOKMARK [2][-]{subsection.7.4.1}{\376\377\000H\000o\000w\000\040\000W\000e\000\040\000A\000d\000v\000a\000n\000c\000e\000\040\000B\000e\000y\000o\000n\000d\000\040\000E\000x\000i\000s\000t\000i\000n\000g\000\040\000S\000o\000l\000u\000t\000i\000o\000n\000s}{section.7.4}% 156
\BOOKMARK [2][-]{subsection.7.4.2}{\376\377\000U\000n\000i\000q\000u\000e\000\040\000C\000o\000n\000t\000r\000i\000b\000u\000t\000i\000o\000n\000s}{section.7.4}% 157
\BOOKMARK [1][-]{section.7.5}{\376\377\000T\000h\000r\000e\000a\000t\000s\000\040\000t\000o\000\040\000V\000a\000l\000i\000d\000i\000t\000y}{chapter.7}% 158
\BOOKMARK [2][-]{subsection.7.5.1}{\376\377\000I\000n\000t\000e\000r\000n\000a\000l\000\040\000V\000a\000l\000i\000d\000i\000t\000y}{section.7.5}% 159
\BOOKMARK [2][-]{subsection.7.5.2}{\376\377\000E\000x\000t\000e\000r\000n\000a\000l\000\040\000V\000a\000l\000i\000d\000i\000t\000y}{section.7.5}% 160
\BOOKMARK [2][-]{subsection.7.5.3}{\376\377\000C\000o\000n\000s\000t\000r\000u\000c\000t\000\040\000V\000a\000l\000i\000d\000i\000t\000y}{section.7.5}% 161
\BOOKMARK [1][-]{section.7.6}{\376\377\000P\000r\000a\000c\000t\000i\000c\000a\000l\000\040\000I\000m\000p\000l\000i\000c\000a\000t\000i\000o\000n\000s\000\040\000f\000o\000r\000\040\000I\000n\000d\000u\000s\000t\000r\000y}{chapter.7}% 162
\BOOKMARK [0][-]{chapter.8}{\376\377\000C\000o\000n\000c\000l\000u\000s\000i\000o\000n}{}% 163
\BOOKMARK [1][-]{section.8.1}{\376\377\000S\000u\000m\000m\000a\000r\000y\000\040\000o\000f\000\040\000C\000o\000n\000t\000r\000i\000b\000u\000t\000i\000o\000n\000s}{chapter.8}% 164
\BOOKMARK [1][-]{section.8.2}{\376\377\000K\000e\000y\000\040\000T\000a\000k\000e\000a\000w\000a\000y\000s}{chapter.8}% 165
\BOOKMARK [1][-]{section.8.3}{\376\377\000F\000u\000t\000u\000r\000e\000\040\000W\000o\000r\000k}{chapter.8}% 166
\BOOKMARK [2][-]{subsection.8.3.1}{\376\377\000S\000c\000a\000l\000a\000b\000i\000l\000i\000t\000y\000\040\000I\000m\000p\000r\000o\000v\000e\000m\000e\000n\000t\000s}{section.8.3}% 167
\BOOKMARK [2][-]{subsection.8.3.2}{\376\377\000M\000u\000l\000t\000i\000-\000L\000a\000n\000g\000u\000a\000g\000e\000\040\000S\000u\000p\000p\000o\000r\000t}{section.8.3}% 168
\BOOKMARK [2][-]{subsection.8.3.3}{\376\377\000A\000d\000v\000a\000n\000c\000e\000d\000\040\000G\000e\000n\000e\000r\000a\000t\000i\000v\000e\000\040\000U\000I}{section.8.3}% 169
\BOOKMARK [2][-]{subsection.8.3.4}{\376\377\000I\000n\000t\000e\000g\000r\000a\000t\000i\000o\000n\000\040\000w\000i\000t\000h\000\040\000D\000e\000v\000e\000l\000o\000p\000e\000r\000\040\000T\000o\000o\000l\000s}{section.8.3}% 170
\BOOKMARK [2][-]{subsection.8.3.5}{\376\377\000R\000e\000a\000l\000-\000T\000i\000m\000e\000\040\000C\000o\000l\000l\000a\000b\000o\000r\000a\000t\000i\000v\000e\000\040\000F\000e\000a\000t\000u\000r\000e\000s}{section.8.3}% 171
\BOOKMARK [1][-]{section.8.4}{\376\377\000R\000e\000c\000o\000m\000m\000e\000n\000d\000a\000t\000i\000o\000n\000s\000\040\000f\000o\000r\000\040\000I\000m\000p\000l\000e\000m\000e\000n\000t\000a\000t\000i\000o\000n}{chapter.8}% 172
\BOOKMARK [1][-]{section.8.5}{\376\377\000F\000i\000n\000a\000l\000\040\000R\000e\000m\000a\000r\000k\000s}{chapter.8}% 173
\BOOKMARK [0][-]{appendix.A}{\376\377\000U\000s\000e\000r\000\040\000S\000t\000u\000d\000y\000\040\000M\000a\000t\000e\000r\000i\000a\000l\000s}{}% 174
\BOOKMARK [1][-]{section.A.1}{\376\377\000P\000a\000r\000t\000i\000c\000i\000p\000a\000n\000t\000\040\000C\000o\000n\000s\000e\000n\000t\000\040\000F\000o\000r\000m}{appendix.A}% 175
\BOOKMARK [1][-]{section.A.2}{\376\377\000S\000t\000u\000d\000y\000\040\000I\000n\000s\000t\000r\000u\000c\000t\000i\000o\000n\000s}{appendix.A}% 176
\BOOKMARK [1][-]{section.A.3}{\376\377\000T\000a\000s\000k\000\040\000D\000e\000s\000c\000r\000i\000p\000t\000i\000o\000n\000s}{appendix.A}% 177
\BOOKMARK [1][-]{section.A.4}{\376\377\000S\000u\000r\000v\000e\000y\000\040\000Q\000u\000e\000s\000t\000i\000o\000n\000n\000a\000i\000r\000e}{appendix.A}% 178
\BOOKMARK [1][-]{section.A.5}{\376\377\000I\000n\000t\000e\000r\000v\000i\000e\000w\000\040\000Q\000u\000e\000s\000t\000i\000o\000n\000s}{appendix.A}% 179
\BOOKMARK [0][-]{appendix.B}{\376\377\000D\000e\000t\000a\000i\000l\000e\000d\000\040\000R\000e\000s\000u\000l\000t\000s\000\040\000T\000a\000b\000l\000e\000s}{}% 180
\BOOKMARK [1][-]{section.B.1}{\376\377\000Q\000u\000a\000n\000t\000i\000t\000a\000t\000i\000v\000e\000\040\000R\000e\000s\000u\000l\000t\000s\000\040\000T\000a\000b\000l\000e\000s}{appendix.B}% 181
\BOOKMARK [1][-]{section.B.2}{\376\377\000U\000s\000e\000r\000\040\000F\000e\000e\000d\000b\000a\000c\000k\000\040\000S\000u\000m\000m\000a\000r\000y}{appendix.B}% 182
\BOOKMARK [1][-]{section.B.3}{\376\377\000P\000e\000r\000f\000o\000r\000m\000a\000n\000c\000e\000\040\000M\000e\000t\000r\000i\000c\000s\000\040\000b\000y\000\040\000R\000e\000p\000o\000s\000i\000t\000o\000r\000y}{appendix.B}% 183
\BOOKMARK [0][-]{appendix.C}{\376\377\000C\000o\000d\000e\000\040\000S\000n\000i\000p\000p\000e\000t\000s\000\040\000a\000n\000d\000\040\000I\000m\000p\000l\000e\000m\000e\000n\000t\000a\000t\000i\000o\000n\000\040\000D\000e\000t\000a\000i\000l\000s}{}% 184
\BOOKMARK [1][-]{section.C.1}{\376\377\000K\000e\000y\000\040\000A\000l\000g\000o\000r\000i\000t\000h\000m\000\040\000I\000m\000p\000l\000e\000m\000e\000n\000t\000a\000t\000i\000o\000n\000s}{appendix.C}% 185
\BOOKMARK [1][-]{section.C.2}{\376\377\000A\000P\000I\000\040\000E\000n\000d\000p\000o\000i\000n\000t\000\040\000S\000p\000e\000c\000i\000f\000i\000c\000a\000t\000i\000o\000n\000s}{appendix.C}% 186
\BOOKMARK [1][-]{section.C.3}{\376\377\000D\000a\000t\000a\000b\000a\000s\000e\000\040\000S\000c\000h\000e\000m\000a\000\040\000S\000Q\000L}{appendix.C}% 187
\BOOKMARK [1][-]{section.C.4}{\376\377\000F\000r\000o\000n\000t\000e\000n\000d\000\040\000C\000o\000m\000p\000o\000n\000e\000n\000t\000\040\000C\000o\000d\000e}{appendix.C}% 188
\BOOKMARK [1][-]{section.C.5}{\376\377\000R\000A\000G\000\040\000P\000i\000p\000e\000l\000i\000n\000e\000\040\000C\000o\000d\000e}{appendix.C}% 189
\BOOKMARK [0][-]{appendix.D}{\376\377\000S\000y\000s\000t\000e\000m\000\040\000A\000r\000c\000h\000i\000t\000e\000c\000t\000u\000r\000e\000\040\000D\000i\000a\000g\000r\000a\000m\000s}{}% 190
\BOOKMARK [1][-]{section.D.1}{\376\377\000H\000i\000g\000h\000-\000L\000e\000v\000e\000l\000\040\000S\000y\000s\000t\000e\000m\000\040\000A\000r\000c\000h\000i\000t\000e\000c\000t\000u\000r\000e}{appendix.D}% 191
\BOOKMARK [1][-]{section.D.2}{\376\377\000D\000a\000t\000a\000\040\000F\000l\000o\000w\000\040\000D\000i\000a\000g\000r\000a\000m\000s}{appendix.D}% 192
\BOOKMARK [1][-]{section.D.3}{\376\377\000C\000o\000m\000p\000o\000n\000e\000n\000t\000\040\000I\000n\000t\000e\000r\000a\000c\000t\000i\000o\000n\000\040\000D\000i\000a\000g\000r\000a\000m}{appendix.D}% 193
\BOOKMARK [1][-]{section.D.4}{\376\377\000D\000e\000p\000l\000o\000y\000m\000e\000n\000t\000\040\000A\000r\000c\000h\000i\000t\000e\000c\000t\000u\000r\000e}{appendix.D}% 194
\BOOKMARK [0][-]{appendix.E}{\376\377\000A\000d\000d\000i\000t\000i\000o\000n\000a\000l\000\040\000E\000v\000a\000l\000u\000a\000t\000i\000o\000n\000\040\000D\000a\000t\000a}{}% 195
\BOOKMARK [1][-]{section.E.1}{\376\377\000R\000a\000w\000\040\000U\000s\000e\000r\000\040\000S\000t\000u\000d\000y\000\040\000D\000a\000t\000a}{appendix.E}% 196
\BOOKMARK [1][-]{section.E.2}{\376\377\000S\000e\000a\000r\000c\000h\000\040\000P\000e\000r\000f\000o\000r\000m\000a\000n\000c\000e\000\040\000A\000n\000a\000l\000y\000s\000i\000s}{appendix.E}% 197
\BOOKMARK [1][-]{section.E.3}{\376\377\000C\000i\000t\000a\000t\000i\000o\000n\000\040\000A\000c\000c\000u\000r\000a\000c\000y\000\040\000D\000e\000t\000a\000i\000l\000e\000d\000\040\000R\000e\000s\000u\000l\000t\000s}{appendix.E}% 198
\BOOKMARK [1][-]{section.E.4}{\376\377\000L\000a\000t\000e\000n\000c\000y\000\040\000D\000i\000s\000t\000r\000i\000b\000u\000t\000i\000o\000n\000s}{appendix.E}% 199
\BOOKMARK [0][-]{appendix.F}{\376\377\000R\000e\000l\000a\000t\000e\000d\000\040\000W\000o\000r\000k\000\040\000C\000o\000m\000p\000a\000r\000i\000s\000o\000n\000\040\000T\000a\000b\000l\000e}{}% 200
\BOOKMARK [1][-]{section.F.1}{\376\377\000F\000e\000a\000t\000u\000r\000e\000\040\000C\000o\000m\000p\000a\000r\000i\000s\000o\000n\000\040\000M\000a\000t\000r\000i\000x}{appendix.F}% 201
\BOOKMARK [1][-]{section.F.2}{\376\377\000P\000e\000r\000f\000o\000r\000m\000a\000n\000c\000e\000\040\000C\000o\000m\000p\000a\000r\000i\000s\000o\000n}{appendix.F}% 202
